<?xml version="1.0" encoding="UTF-8"?>
<!-- Generated by org.testng.reporters.JUnitReportReporter -->
<testsuite hostname="Aathithyan_K" failures="0" tests="4" name="runner.IssueRunner" time="6.274" errors="0" timestamp="2023-10-08T21:24:58 IST" skipped="0">
  <testcase classname="runner.IssueRunner" name="runScenario" time="0.718"/>
  <system-out/>
  <testcase classname="runner.IssueRunner" name="runScenario" time="0.770"/>
  <system-out/>
  <testcase classname="runner.IssueRunner" name="runScenario" time="3.976"/>
  <system-out/>
  <testcase classname="runner.IssueRunner" name="runScenario" time="0.810"/>
  <system-out/>
</testsuite> <!-- runner.IssueRunner -->
