<?xml version="1.0" encoding="UTF-8"?>
<!-- Generated by org.testng.reporters.JUnitReportReporter -->
<testsuite hostname="Aathithyan_K" failures="0" tests="3" name="runner.IssueRunner" time="5.931" errors="0" timestamp="2023-10-02T20:24:40 IST" skipped="0">
  <testcase classname="runner.IssueRunner" name="runScenario" time="0.753"/>
  <system-out/>
  <testcase classname="runner.IssueRunner" name="runScenario" time="0.799"/>
  <system-out/>
  <testcase classname="runner.IssueRunner" name="runScenario" time="4.379"/>
  <system-out/>
</testsuite> <!-- runner.IssueRunner -->
